#-----------------------------------------------------------
# Vivado v2015.4 (64-bit)
# SW Build 1412921 on Wed Nov 18 09:44:32 MST 2015
# IP Build 1412160 on Tue Nov 17 13:47:24 MST 2015
# Start of session at: Thu Mar 30 11:53:54 2017
# Process ID: 1221
# Current directory: /share/home/kudo/Documents/team4
# Command line: vivado
# Log file: /share/home/kudo/Documents/team4/vivado.log
# Journal file: /share/home/kudo/Documents/team4/vivado.jou
#-----------------------------------------------------------
start_gui
open_project /share/home/kudo/verilog/blink/blink.xpr
Scanning sources...
Finished scanning sources
INFO: [IP_Flow 19-234] Refreshing IP repositories
INFO: [IP_Flow 19-1704] No user IP repositories specified
INFO: [IP_Flow 19-2313] Loaded Vivado IP repository '/opt/Xilinx/Vivado/2015.4/data/ip'.
open_project: Time (s): cpu = 00:00:11 ; elapsed = 00:00:13 . Memory (MB): peak = 5814.234 ; gain = 130.836 ; free physical = 2636 ; free virtual = 5471
reset_run impl_1
launch_runs impl_1 -to_step write_bitstream
[Thu Mar 30 11:54:47 2017] Launched impl_1...
Run output will be captured here: /share/home/kudo/verilog/blink/blink.runs/impl_1/runme.log
reset_run synth_1
launch_runs impl_1 -to_step write_bitstream
[Thu Mar 30 11:57:29 2017] Launched synth_1...
Run output will be captured here: /share/home/kudo/verilog/blink/blink.runs/synth_1/runme.log
[Thu Mar 30 11:57:29 2017] Launched impl_1...
Run output will be captured here: /share/home/kudo/verilog/blink/blink.runs/impl_1/runme.log
reset_run synth_1
launch_runs impl_1 -to_step write_bitstream
[Thu Mar 30 11:58:43 2017] Launched synth_1...
Run output will be captured here: /share/home/kudo/verilog/blink/blink.runs/synth_1/runme.log
[Thu Mar 30 11:58:43 2017] Launched impl_1...
Run output will be captured here: /share/home/kudo/verilog/blink/blink.runs/impl_1/runme.log
reset_run synth_1
launch_runs impl_1 -to_step write_bitstream
[Thu Mar 30 11:59:46 2017] Launched synth_1...
Run output will be captured here: /share/home/kudo/verilog/blink/blink.runs/synth_1/runme.log
[Thu Mar 30 11:59:46 2017] Launched impl_1...
Run output will be captured here: /share/home/kudo/verilog/blink/blink.runs/impl_1/runme.log
open_run impl_1
INFO: [Netlist 29-17] Analyzing 8 Unisim elements for replacement
INFO: [Netlist 29-28] Unisim Transformation completed in 0 CPU seconds
INFO: [Project 1-479] Netlist was created with Vivado 2015.4
INFO: [Device 21-403] Loading part xc7z010clg400-1
INFO: [Project 1-570] Preparing netlist for logic optimization
Parsing XDC File [/share/home/kudo/Documents/team4/.Xil/Vivado-1221-hillgatake/dcp/blink.xdc]
Finished Parsing XDC File [/share/home/kudo/Documents/team4/.Xil/Vivado-1221-hillgatake/dcp/blink.xdc]
Reading XDEF placement.
Reading placer database...
Reading XDEF routing.
Read XDEF File: Time (s): cpu = 00:00:00.01 ; elapsed = 00:00:00.03 . Memory (MB): peak = 6033.012 ; gain = 0.000 ; free physical = 2436 ; free virtual = 5283
Restored from archive | CPU: 0.010000 secs | Memory: 0.090347 MB |
Finished XDEF File Restore: Time (s): cpu = 00:00:00.02 ; elapsed = 00:00:00.03 . Memory (MB): peak = 6033.012 ; gain = 0.000 ; free physical = 2436 ; free virtual = 5283
INFO: [Project 1-111] Unisim Transformation Summary:
No Unisim elements were transformed.

open_run: Time (s): cpu = 00:00:09 ; elapsed = 00:00:10 . Memory (MB): peak = 6183.055 ; gain = 310.363 ; free physical = 2303 ; free virtual = 5150
open_hw
connect_hw_server
INFO: [Labtools 27-2285] Connecting to hw_server url TCP:localhost:3121
INFO: [Labtools 27-2222] Launching hw_server...
INFO: [Labtools 27-2221] Launch Output:

****** Xilinx hw_server v2015.4
  **** Build date : Nov 18 2015-09:53:32
    ** Copyright 1986-1999, 2001-2015 Xilinx, Inc. All Rights Reserved.


ERROR: [Labtoolstcl 44-26] No hardware targets exist on the server [localhost]
Check to make sure the cable targets connected to this machine are properly connected
and powered up, then use the disconnect_hw_server and connect_hw_server commands
to re-register the hardware targets.
disconnect_hw_server localhost:3121
connect_hw_server
INFO: [Labtools 27-2285] Connecting to hw_server url TCP:localhost:3121
ERROR: [Labtoolstcl 44-26] No hardware targets exist on the server [localhost]
Check to make sure the cable targets connected to this machine are properly connected
and powered up, then use the disconnect_hw_server and connect_hw_server commands
to re-register the hardware targets.
disconnect_hw_server localhost:3121
connect_hw_server
INFO: [Labtools 27-2285] Connecting to hw_server url TCP:localhost:3121
ERROR: [Labtoolstcl 44-26] No hardware targets exist on the server [localhost]
Check to make sure the cable targets connected to this machine are properly connected
and powered up, then use the disconnect_hw_server and connect_hw_server commands
to re-register the hardware targets.
disconnect_hw_server localhost:3121
connect_hw_server
INFO: [Labtools 27-2285] Connecting to hw_server url TCP:localhost:3121
ERROR: [Labtoolstcl 44-26] No hardware targets exist on the server [localhost]
Check to make sure the cable targets connected to this machine are properly connected
and powered up, then use the disconnect_hw_server and connect_hw_server commands
to re-register the hardware targets.
disconnect_hw_server localhost:3121
connect_hw_server
INFO: [Labtools 27-2285] Connecting to hw_server url TCP:localhost:3121
ERROR: [Labtoolstcl 44-26] No hardware targets exist on the server [localhost]
Check to make sure the cable targets connected to this machine are properly connected
and powered up, then use the disconnect_hw_server and connect_hw_server commands
to re-register the hardware targets.
reset_run impl_1
launch_runs impl_1
[Thu Mar 30 12:08:47 2017] Launched impl_1...
Run output will be captured here: /share/home/kudo/verilog/blink/blink.runs/impl_1/runme.log
close_hw
open_hw
connect_hw_server
INFO: [Labtools 27-2285] Connecting to hw_server url TCP:localhost:3121
ERROR: [Labtoolstcl 44-26] No hardware targets exist on the server [localhost]
Check to make sure the cable targets connected to this machine are properly connected
and powered up, then use the disconnect_hw_server and connect_hw_server commands
to re-register the hardware targets.
exit
INFO: [Common 17-206] Exiting Vivado at Thu Mar 30 12:13:16 2017...
