#-----------------------------------------------------------
# Vivado v2015.4 (64-bit)
# SW Build 1412921 on Wed Nov 18 09:44:32 MST 2015
# IP Build 1412160 on Tue Nov 17 13:47:24 MST 2015
# Start of session at: Thu Mar 30 12:24:17 2017
# Process ID: 5363
# Current directory: /share/home/kudo/Documents/team4
# Command line: vivado
# Log file: /share/home/kudo/Documents/team4/vivado.log
# Journal file: /share/home/kudo/Documents/team4/vivado.jou
#-----------------------------------------------------------
start_gui
open_project /share/home/kudo/verilog/blink/blink.xpr
Scanning sources...
Finished scanning sources
INFO: [IP_Flow 19-234] Refreshing IP repositories
INFO: [IP_Flow 19-1704] No user IP repositories specified
INFO: [IP_Flow 19-2313] Loaded Vivado IP repository '/opt/Xilinx/Vivado/2015.4/data/ip'.
open_project: Time (s): cpu = 00:00:10 ; elapsed = 00:00:15 . Memory (MB): peak = 5798.852 ; gain = 121.051 ; free physical = 2542 ; free virtual = 5446
open_hw
launch_runs impl_1 -to_step write_bitstream
[Thu Mar 30 12:24:56 2017] Launched impl_1...
Run output will be captured here: /share/home/kudo/verilog/blink/blink.runs/impl_1/runme.log
connect_hw_server
INFO: [Labtools 27-2285] Connecting to hw_server url TCP:localhost:3121
INFO: [Labtools 27-2222] Launching hw_server...
INFO: [Labtools 27-2221] Launch Output:

****** Xilinx hw_server v2015.4
  **** Build date : Nov 18 2015-09:53:32
    ** Copyright 1986-1999, 2001-2015 Xilinx, Inc. All Rights Reserved.


ERROR: [Labtoolstcl 44-26] No hardware targets exist on the server [localhost]
Check to make sure the cable targets connected to this machine are properly connected
and powered up, then use the disconnect_hw_server and connect_hw_server commands
to re-register the hardware targets.
exit
INFO: [Common 17-206] Exiting Vivado at Thu Mar 30 14:42:02 2017...
